This file contains any messages produced by compilers while
running configure, to aid debugging if configure makes a mistake.

It was created by amrnb configure 11.0.0.0, which was
generated by GNU Autoconf 2.69.  Invocation command line was

  $ ./configure --no-create --no-recursion

## --------- ##
## Platform. ##
## --------- ##

hostname = jaybeepee
uname -m = x86_64
uname -r = 3.13.0-24-generic
uname -s = Linux
uname -v = #46-Ubuntu SMP Thu Apr 10 19:11:08 UTC 2014

/usr/bin/uname -p = unknown
/bin/uname -X     = unknown

/bin/arch              = unknown
/usr/bin/arch -k       = unknown
/usr/convex/getsysinfo = unknown
/usr/bin/hostinfo      = unknown
/bin/machine           = unknown
/usr/bin/oslevel       = unknown
/bin/universe          = unknown

PATH: /usr/local/sbin
PATH: /usr/local/bin
PATH: /usr/sbin
PATH: /usr/bin
PATH: /sbin
PATH: /bin
PATH: /usr/games
PATH: /usr/local/games


## ----------- ##
## Core tests. ##
## ----------- ##

configure:2387: checking for a BSD-compatible install
configure:2455: result: /usr/bin/install -c
configure:2466: checking whether build environment is sane
configure:2521: result: yes
configure:2672: checking for a thread-safe mkdir -p
configure:2711: result: /bin/mkdir -p
configure:2718: checking for gawk
configure:2734: found /usr/bin/gawk
configure:2745: result: gawk
configure:2756: checking whether make sets $(MAKE)
configure:2778: result: yes
configure:2910: checking for gcc
configure:2926: found /usr/bin/gcc
configure:2937: result: gcc
configure:3166: checking for C compiler version
configure:3175: gcc --version >&5
gcc (Ubuntu 4.8.2-19ubuntu1) 4.8.2
Copyright (C) 2013 Free Software Foundation, Inc.
This is free software; see the source for copying conditions.  There is NO
warranty; not even for MERCHANTABILITY or FITNESS FOR A PARTICULAR PURPOSE.

configure:3186: $? = 0
configure:3175: gcc -v >&5
Using built-in specs.
COLLECT_GCC=gcc
COLLECT_LTO_WRAPPER=/usr/lib/gcc/x86_64-linux-gnu/4.8/lto-wrapper
Target: x86_64-linux-gnu
Configured with: ../src/configure -v --with-pkgversion='Ubuntu 4.8.2-19ubuntu1' --with-bugurl=file:///usr/share/doc/gcc-4.8/README.Bugs --enable-languages=c,c++,java,go,d,fortran,objc,obj-c++ --prefix=/usr --program-suffix=-4.8 --enable-shared --enable-linker-build-id --libexecdir=/usr/lib --without-included-gettext --enable-threads=posix --with-gxx-include-dir=/usr/include/c++/4.8 --libdir=/usr/lib --enable-nls --with-sysroot=/ --enable-clocale=gnu --enable-libstdcxx-debug --enable-libstdcxx-time=yes --enable-gnu-unique-object --disable-libmudflap --enable-plugin --with-system-zlib --disable-browser-plugin --enable-java-awt=gtk --enable-gtk-cairo --with-java-home=/usr/lib/jvm/java-1.5.0-gcj-4.8-amd64/jre --enable-java-home --with-jvm-root-dir=/usr/lib/jvm/java-1.5.0-gcj-4.8-amd64 --with-jvm-jar-dir=/usr/lib/jvm-exports/java-1.5.0-gcj-4.8-amd64 --with-arch-directory=amd64 --with-ecj-jar=/usr/share/java/eclipse-ecj.jar --enable-objc-gc --enable-multiarch --disable-werror --with-arch-32=i686 --with-abi=m64 --with-multilib-list=m32,m64,mx32 --with-tune=generic --enable-checking=release --build=x86_64-linux-gnu --host=x86_64-linux-gnu --target=x86_64-linux-gnu
Thread model: posix
gcc version 4.8.2 (Ubuntu 4.8.2-19ubuntu1) 
configure:3186: $? = 0
configure:3175: gcc -V >&5
gcc: error: unrecognized command line option '-V'
gcc: fatal error: no input files
compilation terminated.
configure:3186: $? = 4
configure:3175: gcc -qversion >&5
gcc: error: unrecognized command line option '-qversion'
gcc: fatal error: no input files
compilation terminated.
configure:3186: $? = 4
configure:3206: checking whether the C compiler works
configure:3228: gcc    conftest.c  >&5
configure:3232: $? = 0
configure:3280: result: yes
configure:3283: checking for C compiler default output file name
configure:3285: result: a.out
configure:3291: checking for suffix of executables
configure:3298: gcc -o conftest    conftest.c  >&5
configure:3302: $? = 0
configure:3324: result: 
configure:3346: checking whether we are cross compiling
configure:3354: gcc -o conftest    conftest.c  >&5
configure:3358: $? = 0
configure:3365: ./conftest
configure:3369: $? = 0
configure:3384: result: no
configure:3389: checking for suffix of object files
configure:3411: gcc -c   conftest.c >&5
configure:3415: $? = 0
configure:3436: result: o
configure:3440: checking whether we are using the GNU C compiler
configure:3459: gcc -c   conftest.c >&5
configure:3459: $? = 0
configure:3468: result: yes
configure:3477: checking whether gcc accepts -g
configure:3497: gcc -c -g  conftest.c >&5
configure:3497: $? = 0
configure:3538: result: yes
configure:3555: checking for gcc option to accept ISO C89
configure:3618: gcc  -c -g -O2  conftest.c >&5
configure:3618: $? = 0
configure:3631: result: none needed
configure:3662: checking for style of include used by make
configure:3690: result: GNU
configure:3716: checking dependency style of gcc
configure:3827: result: gcc3
configure:3843: checking whether gcc and cc understand -c and -o together
configure:3874: gcc -c conftest.c -o conftest2.o >&5
configure:3878: $? = 0
configure:3884: gcc -c conftest.c -o conftest2.o >&5
configure:3888: $? = 0
configure:3899: cc -c conftest.c >&5
configure:3903: $? = 0
configure:3911: cc -c conftest.c -o conftest2.o >&5
configure:3915: $? = 0
configure:3921: cc -c conftest.c -o conftest2.o >&5
configure:3925: $? = 0
configure:3943: result: yes
configure:3973: checking how to run the C preprocessor
configure:4004: gcc -E  conftest.c
configure:4004: $? = 0
configure:4018: gcc -E  conftest.c
conftest.c:11:28: fatal error: ac_nonexistent.h: No such file or directory
 #include <ac_nonexistent.h>
                            ^
compilation terminated.
configure:4018: $? = 1
configure: failed program was:
| /* confdefs.h */
| #define PACKAGE_NAME "amrnb"
| #define PACKAGE_TARNAME "amrnb"
| #define PACKAGE_VERSION "11.0.0.0"
| #define PACKAGE_STRING "amrnb 11.0.0.0"
| #define PACKAGE_BUGREPORT "Stanislav Brabec <utx@penguin.cz>"
| #define PACKAGE_URL ""
| #define PACKAGE "amrnb"
| #define VERSION "11.0.0.0"
| /* end confdefs.h.  */
| #include <ac_nonexistent.h>
configure:4043: result: gcc -E
configure:4063: gcc -E  conftest.c
configure:4063: $? = 0
configure:4077: gcc -E  conftest.c
conftest.c:11:28: fatal error: ac_nonexistent.h: No such file or directory
 #include <ac_nonexistent.h>
                            ^
compilation terminated.
configure:4077: $? = 1
configure: failed program was:
| /* confdefs.h */
| #define PACKAGE_NAME "amrnb"
| #define PACKAGE_TARNAME "amrnb"
| #define PACKAGE_VERSION "11.0.0.0"
| #define PACKAGE_STRING "amrnb 11.0.0.0"
| #define PACKAGE_BUGREPORT "Stanislav Brabec <utx@penguin.cz>"
| #define PACKAGE_URL ""
| #define PACKAGE "amrnb"
| #define VERSION "11.0.0.0"
| /* end confdefs.h.  */
| #include <ac_nonexistent.h>
configure:4106: checking whether ln -s works
configure:4110: result: yes
configure:4117: checking whether make sets $(MAKE)
configure:4139: result: yes
configure:4152: checking build system type
configure:4166: result: x86_64-unknown-linux-gnu
configure:4186: checking host system type
configure:4199: result: x86_64-unknown-linux-gnu
configure:4568: checking how to print strings
configure:4595: result: printf
configure:4616: checking for a sed that does not truncate output
configure:4680: result: /bin/sed
configure:4698: checking for grep that handles long lines and -e
configure:4756: result: /bin/grep
configure:4761: checking for egrep
configure:4823: result: /bin/grep -E
configure:4828: checking for fgrep
configure:4890: result: /bin/grep -F
configure:4925: checking for ld used by gcc
configure:4992: result: /usr/bin/ld
configure:4999: checking if the linker (/usr/bin/ld) is GNU ld
configure:5014: result: yes
configure:5026: checking for BSD- or MS-compatible name lister (nm)
configure:5075: result: /usr/bin/nm -B
configure:5205: checking the name lister (/usr/bin/nm -B) interface
configure:5212: gcc -c -g -O2  conftest.c >&5
configure:5215: /usr/bin/nm -B "conftest.o"
configure:5218: output
0000000000000000 B some_variable
configure:5225: result: BSD nm
configure:5229: checking the maximum length of command line arguments
configure:5359: result: 3458764513820540925
configure:5376: checking whether the shell understands some XSI constructs
configure:5386: result: yes
configure:5390: checking whether the shell understands "+="
configure:5396: result: yes
configure:5431: checking how to convert x86_64-unknown-linux-gnu file names to x86_64-unknown-linux-gnu format
configure:5471: result: func_convert_file_noop
configure:5478: checking how to convert x86_64-unknown-linux-gnu file names to toolchain format
configure:5498: result: func_convert_file_noop
configure:5505: checking for /usr/bin/ld option to reload object files
configure:5512: result: -r
configure:5586: checking for objdump
configure:5613: result: objdump
configure:5642: checking how to recognize dependent libraries
configure:5844: result: pass_all
configure:5929: checking for dlltool
configure:5956: result: dlltool
configure:5986: checking how to associate runtime and link libraries
configure:6013: result: printf %s\n
configure:6074: checking for ar
configure:6090: found /usr/bin/ar
configure:6101: result: ar
configure:6138: checking for archiver @FILE support
configure:6155: gcc -c -g -O2  conftest.c >&5
configure:6155: $? = 0
configure:6158: ar cru libconftest.a @conftest.lst >&5
configure:6161: $? = 0
configure:6166: ar cru libconftest.a @conftest.lst >&5
ar: conftest.o: No such file or directory
configure:6169: $? = 1
configure:6181: result: @
configure:6239: checking for strip
configure:6255: found /usr/bin/strip
configure:6266: result: strip
configure:6338: checking for ranlib
configure:6354: found /usr/bin/ranlib
configure:6365: result: ranlib
configure:6467: checking command to parse /usr/bin/nm -B output from gcc object
configure:6587: gcc -c -g -O2  conftest.c >&5
configure:6590: $? = 0
configure:6594: /usr/bin/nm -B conftest.o \| sed -n -e 's/^.*[ ]\([ABCDGIRSTW][ABCDGIRSTW]*\)[ ][ ]*\([_A-Za-z][_A-Za-z0-9]*\)$/\1 \2 \2/p' | sed '/ __gnu_lto/d' \> conftest.nm
configure:6597: $? = 0
configure:6663: gcc -o conftest -g -O2   conftest.c conftstm.o >&5
configure:6666: $? = 0
configure:6704: result: ok
configure:6741: checking for sysroot
configure:6771: result: no
configure:6848: gcc -c -g -O2  conftest.c >&5
configure:6851: $? = 0
configure:7027: checking for mt
configure:7043: found /bin/mt
configure:7054: result: mt
configure:7077: checking if mt is a manifest tool
configure:7083: mt '-?'
configure:7091: result: no
configure:7729: checking for ANSI C header files
configure:7749: gcc -c -g -O2  conftest.c >&5
configure:7749: $? = 0
configure:7822: gcc -o conftest -g -O2   conftest.c  >&5
configure:7822: $? = 0
configure:7822: ./conftest
configure:7822: $? = 0
configure:7833: result: yes
configure:7846: checking for sys/types.h
configure:7846: gcc -c -g -O2  conftest.c >&5
configure:7846: $? = 0
configure:7846: result: yes
configure:7846: checking for sys/stat.h
configure:7846: gcc -c -g -O2  conftest.c >&5
configure:7846: $? = 0
configure:7846: result: yes
configure:7846: checking for stdlib.h
configure:7846: gcc -c -g -O2  conftest.c >&5
configure:7846: $? = 0
configure:7846: result: yes
configure:7846: checking for string.h
configure:7846: gcc -c -g -O2  conftest.c >&5
configure:7846: $? = 0
configure:7846: result: yes
configure:7846: checking for memory.h
configure:7846: gcc -c -g -O2  conftest.c >&5
configure:7846: $? = 0
configure:7846: result: yes
configure:7846: checking for strings.h
configure:7846: gcc -c -g -O2  conftest.c >&5
configure:7846: $? = 0
configure:7846: result: yes
configure:7846: checking for inttypes.h
configure:7846: gcc -c -g -O2  conftest.c >&5
configure:7846: $? = 0
configure:7846: result: yes
configure:7846: checking for stdint.h
configure:7846: gcc -c -g -O2  conftest.c >&5
configure:7846: $? = 0
configure:7846: result: yes
configure:7846: checking for unistd.h
configure:7846: gcc -c -g -O2  conftest.c >&5
configure:7846: $? = 0
configure:7846: result: yes
configure:7860: checking for dlfcn.h
configure:7860: gcc -c -g -O2  conftest.c >&5
configure:7860: $? = 0
configure:7860: result: yes
configure:8064: checking for objdir
configure:8079: result: .libs
configure:8350: checking if gcc supports -fno-rtti -fno-exceptions
configure:8368: gcc -c -g -O2  -fno-rtti -fno-exceptions conftest.c >&5
cc1: warning: command line option '-fno-rtti' is valid for C++/ObjC++ but not for C [enabled by default]
configure:8372: $? = 0
configure:8385: result: no
configure:8712: checking for gcc option to produce PIC
configure:8719: result: -fPIC -DPIC
configure:8727: checking if gcc PIC flag -fPIC -DPIC works
configure:8745: gcc -c -g -O2  -fPIC -DPIC -DPIC conftest.c >&5
configure:8749: $? = 0
configure:8762: result: yes
configure:8791: checking if gcc static flag -static works
configure:8819: result: yes
configure:8834: checking if gcc supports -c -o file.o
configure:8855: gcc -c -g -O2  -o out/conftest2.o conftest.c >&5
configure:8859: $? = 0
configure:8881: result: yes
configure:8889: checking if gcc supports -c -o file.o
configure:8936: result: yes
configure:8969: checking whether the gcc linker (/usr/bin/ld -m elf_x86_64) supports shared libraries
configure:10122: result: yes
configure:10159: checking whether -lc should be explicitly linked in
configure:10167: gcc -c -g -O2  conftest.c >&5
configure:10170: $? = 0
configure:10185: gcc -shared  -fPIC -DPIC conftest.o  -v -Wl,-soname -Wl,conftest -o conftest 2\>\&1 \| /bin/grep  -lc  \>/dev/null 2\>\&1
configure:10188: $? = 0
configure:10202: result: no
configure:10362: checking dynamic linker characteristics
configure:10873: gcc -o conftest -g -O2   -Wl,-rpath -Wl,/foo conftest.c  >&5
configure:10873: $? = 0
configure:11095: result: GNU/Linux ld.so
configure:11202: checking how to hardcode library paths into programs
configure:11227: result: immediate
configure:11767: checking whether stripping libraries is possible
configure:11772: result: yes
configure:11807: checking if libtool supports shared libraries
configure:11809: result: yes
configure:11812: checking whether to build shared libraries
configure:11833: result: yes
configure:11836: checking whether to build static libraries
configure:11840: result: yes
configure:11879: checking for unzip
configure:11897: found /usr/bin/unzip
configure:11909: result: /usr/bin/unzip
configure:11922: checking for patch
configure:11940: found /usr/bin/patch
configure:11952: result: /usr/bin/patch
configure:11973: checking for /bin/bash
configure:11986: result: yes
configure:12111: checking for parameter expansion string replace capable shell
configure:12127: result: /bin/bash
configure:12153: checking for wget
configure:12171: found /usr/bin/wget
configure:12183: result: /usr/bin/wget
configure:12198: checking for web downloading command
configure:12227: result: /usr/bin/wget -N
configure:12241: checking for library containing sqrt
configure:12272: gcc -o conftest -g -O2   conftest.c  >&5
conftest.c:30:6: warning: conflicting types for built-in function 'sqrt' [enabled by default]
 char sqrt ();
      ^
/tmp/cc3LaPDP.o: In function `main':
/home/jaybeepee/programming/sems/core/plug-in/amr/amrnblib/conftest.c:34: undefined reference to `sqrt'
collect2: error: ld returned 1 exit status
configure:12272: $? = 1
configure: failed program was:
| /* confdefs.h */
| #define PACKAGE_NAME "amrnb"
| #define PACKAGE_TARNAME "amrnb"
| #define PACKAGE_VERSION "11.0.0.0"
| #define PACKAGE_STRING "amrnb 11.0.0.0"
| #define PACKAGE_BUGREPORT "Stanislav Brabec <utx@penguin.cz>"
| #define PACKAGE_URL ""
| #define PACKAGE "amrnb"
| #define VERSION "11.0.0.0"
| #define STDC_HEADERS 1
| #define HAVE_SYS_TYPES_H 1
| #define HAVE_SYS_STAT_H 1
| #define HAVE_STDLIB_H 1
| #define HAVE_STRING_H 1
| #define HAVE_MEMORY_H 1
| #define HAVE_STRINGS_H 1
| #define HAVE_INTTYPES_H 1
| #define HAVE_STDINT_H 1
| #define HAVE_UNISTD_H 1
| #define HAVE_DLFCN_H 1
| #define LT_OBJDIR ".libs/"
| /* end confdefs.h.  */
| 
| /* Override any GCC internal prototype to avoid an error.
|    Use char because int might match the return type of a GCC
|    builtin and then its argument prototype would still apply.  */
| #ifdef __cplusplus
| extern "C"
| #endif
| char sqrt ();
| int
| main ()
| {
| return sqrt ();
|   ;
|   return 0;
| }
configure:12272: gcc -o conftest -g -O2   conftest.c -lm   >&5
conftest.c:30:6: warning: conflicting types for built-in function 'sqrt' [enabled by default]
 char sqrt ();
      ^
configure:12272: $? = 0
configure:12289: result: -lm
configure:12299: checking for ANSI C header files
configure:12403: result: yes
configure:12414: checking float.h usability
configure:12414: gcc -c -g -O2  conftest.c >&5
configure:12414: $? = 0
configure:12414: result: yes
configure:12414: checking float.h presence
configure:12414: gcc -E  conftest.c
configure:12414: $? = 0
configure:12414: result: yes
configure:12414: checking for float.h
configure:12414: result: yes
configure:12414: checking for memory.h
configure:12414: result: yes
configure:12414: checking for stdint.h
configure:12414: result: yes
configure:12414: checking for stdlib.h
configure:12414: result: yes
configure:12414: checking for string.h
configure:12414: result: yes
configure:12430: checking for an ANSI C-conforming const
configure:12496: gcc -c -g -O2  conftest.c >&5
configure:12496: $? = 0
configure:12503: result: yes
configure:12511: checking for int16_t
configure:12511: gcc -c -g -O2  conftest.c >&5
configure:12511: $? = 0
configure:12511: gcc -c -g -O2  conftest.c >&5
conftest.c: In function 'main':
conftest.c:66:12: error: size of array 'test_array' is negative
 static int test_array [1 - 2 * !((int16_t) (((((int16_t) 1 << N) << N) - 1) * 2 + 1)
            ^
configure:12511: $? = 1
configure: failed program was:
| /* confdefs.h */
| #define PACKAGE_NAME "amrnb"
| #define PACKAGE_TARNAME "amrnb"
| #define PACKAGE_VERSION "11.0.0.0"
| #define PACKAGE_STRING "amrnb 11.0.0.0"
| #define PACKAGE_BUGREPORT "Stanislav Brabec <utx@penguin.cz>"
| #define PACKAGE_URL ""
| #define PACKAGE "amrnb"
| #define VERSION "11.0.0.0"
| #define STDC_HEADERS 1
| #define HAVE_SYS_TYPES_H 1
| #define HAVE_SYS_STAT_H 1
| #define HAVE_STDLIB_H 1
| #define HAVE_STRING_H 1
| #define HAVE_MEMORY_H 1
| #define HAVE_STRINGS_H 1
| #define HAVE_INTTYPES_H 1
| #define HAVE_STDINT_H 1
| #define HAVE_UNISTD_H 1
| #define HAVE_DLFCN_H 1
| #define LT_OBJDIR ".libs/"
| #define STDC_HEADERS 1
| #define HAVE_FLOAT_H 1
| #define HAVE_MEMORY_H 1
| #define HAVE_STDINT_H 1
| #define HAVE_STDLIB_H 1
| #define HAVE_STRING_H 1
| /* end confdefs.h.  */
| #include <stdio.h>
| #ifdef HAVE_SYS_TYPES_H
| # include <sys/types.h>
| #endif
| #ifdef HAVE_SYS_STAT_H
| # include <sys/stat.h>
| #endif
| #ifdef STDC_HEADERS
| # include <stdlib.h>
| # include <stddef.h>
| #else
| # ifdef HAVE_STDLIB_H
| #  include <stdlib.h>
| # endif
| #endif
| #ifdef HAVE_STRING_H
| # if !defined STDC_HEADERS && defined HAVE_MEMORY_H
| #  include <memory.h>
| # endif
| # include <string.h>
| #endif
| #ifdef HAVE_STRINGS_H
| # include <strings.h>
| #endif
| #ifdef HAVE_INTTYPES_H
| # include <inttypes.h>
| #endif
| #ifdef HAVE_STDINT_H
| # include <stdint.h>
| #endif
| #ifdef HAVE_UNISTD_H
| # include <unistd.h>
| #endif
| 	        enum { N = 16 / 2 - 1 };
| int
| main ()
| {
| static int test_array [1 - 2 * !((int16_t) (((((int16_t) 1 << N) << N) - 1) * 2 + 1)
| 		 < (int16_t) (((((int16_t) 1 << N) << N) - 1) * 2 + 2))];
| test_array [0] = 0;
| return test_array [0];
| 
|   ;
|   return 0;
| }
configure:12511: result: yes
configure:12522: checking for int32_t
configure:12522: gcc -c -g -O2  conftest.c >&5
configure:12522: $? = 0
configure:12522: gcc -c -g -O2  conftest.c >&5
conftest.c: In function 'main':
conftest.c:67:53: warning: integer overflow in expression [-Woverflow]
    < (int32_t) (((((int32_t) 1 << N) << N) - 1) * 2 + 2))];
                                                     ^
conftest.c:66:12: error: storage size of 'test_array' isn't constant
 static int test_array [1 - 2 * !((int32_t) (((((int32_t) 1 << N) << N) - 1) * 2 + 1)
            ^
configure:12522: $? = 1
configure: failed program was:
| /* confdefs.h */
| #define PACKAGE_NAME "amrnb"
| #define PACKAGE_TARNAME "amrnb"
| #define PACKAGE_VERSION "11.0.0.0"
| #define PACKAGE_STRING "amrnb 11.0.0.0"
| #define PACKAGE_BUGREPORT "Stanislav Brabec <utx@penguin.cz>"
| #define PACKAGE_URL ""
| #define PACKAGE "amrnb"
| #define VERSION "11.0.0.0"
| #define STDC_HEADERS 1
| #define HAVE_SYS_TYPES_H 1
| #define HAVE_SYS_STAT_H 1
| #define HAVE_STDLIB_H 1
| #define HAVE_STRING_H 1
| #define HAVE_MEMORY_H 1
| #define HAVE_STRINGS_H 1
| #define HAVE_INTTYPES_H 1
| #define HAVE_STDINT_H 1
| #define HAVE_UNISTD_H 1
| #define HAVE_DLFCN_H 1
| #define LT_OBJDIR ".libs/"
| #define STDC_HEADERS 1
| #define HAVE_FLOAT_H 1
| #define HAVE_MEMORY_H 1
| #define HAVE_STDINT_H 1
| #define HAVE_STDLIB_H 1
| #define HAVE_STRING_H 1
| /* end confdefs.h.  */
| #include <stdio.h>
| #ifdef HAVE_SYS_TYPES_H
| # include <sys/types.h>
| #endif
| #ifdef HAVE_SYS_STAT_H
| # include <sys/stat.h>
| #endif
| #ifdef STDC_HEADERS
| # include <stdlib.h>
| # include <stddef.h>
| #else
| # ifdef HAVE_STDLIB_H
| #  include <stdlib.h>
| # endif
| #endif
| #ifdef HAVE_STRING_H
| # if !defined STDC_HEADERS && defined HAVE_MEMORY_H
| #  include <memory.h>
| # endif
| # include <string.h>
| #endif
| #ifdef HAVE_STRINGS_H
| # include <strings.h>
| #endif
| #ifdef HAVE_INTTYPES_H
| # include <inttypes.h>
| #endif
| #ifdef HAVE_STDINT_H
| # include <stdint.h>
| #endif
| #ifdef HAVE_UNISTD_H
| # include <unistd.h>
| #endif
| 	        enum { N = 32 / 2 - 1 };
| int
| main ()
| {
| static int test_array [1 - 2 * !((int32_t) (((((int32_t) 1 << N) << N) - 1) * 2 + 1)
| 		 < (int32_t) (((((int32_t) 1 << N) << N) - 1) * 2 + 2))];
| test_array [0] = 0;
| return test_array [0];
| 
|   ;
|   return 0;
| }
configure:12522: result: yes
configure:12533: checking for int8_t
configure:12533: gcc -c -g -O2  conftest.c >&5
configure:12533: $? = 0
configure:12533: gcc -c -g -O2  conftest.c >&5
conftest.c: In function 'main':
conftest.c:66:12: error: size of array 'test_array' is negative
 static int test_array [1 - 2 * !((int8_t) (((((int8_t) 1 << N) << N) - 1) * 2 + 1)
            ^
configure:12533: $? = 1
configure: failed program was:
| /* confdefs.h */
| #define PACKAGE_NAME "amrnb"
| #define PACKAGE_TARNAME "amrnb"
| #define PACKAGE_VERSION "11.0.0.0"
| #define PACKAGE_STRING "amrnb 11.0.0.0"
| #define PACKAGE_BUGREPORT "Stanislav Brabec <utx@penguin.cz>"
| #define PACKAGE_URL ""
| #define PACKAGE "amrnb"
| #define VERSION "11.0.0.0"
| #define STDC_HEADERS 1
| #define HAVE_SYS_TYPES_H 1
| #define HAVE_SYS_STAT_H 1
| #define HAVE_STDLIB_H 1
| #define HAVE_STRING_H 1
| #define HAVE_MEMORY_H 1
| #define HAVE_STRINGS_H 1
| #define HAVE_INTTYPES_H 1
| #define HAVE_STDINT_H 1
| #define HAVE_UNISTD_H 1
| #define HAVE_DLFCN_H 1
| #define LT_OBJDIR ".libs/"
| #define STDC_HEADERS 1
| #define HAVE_FLOAT_H 1
| #define HAVE_MEMORY_H 1
| #define HAVE_STDINT_H 1
| #define HAVE_STDLIB_H 1
| #define HAVE_STRING_H 1
| /* end confdefs.h.  */
| #include <stdio.h>
| #ifdef HAVE_SYS_TYPES_H
| # include <sys/types.h>
| #endif
| #ifdef HAVE_SYS_STAT_H
| # include <sys/stat.h>
| #endif
| #ifdef STDC_HEADERS
| # include <stdlib.h>
| # include <stddef.h>
| #else
| # ifdef HAVE_STDLIB_H
| #  include <stdlib.h>
| # endif
| #endif
| #ifdef HAVE_STRING_H
| # if !defined STDC_HEADERS && defined HAVE_MEMORY_H
| #  include <memory.h>
| # endif
| # include <string.h>
| #endif
| #ifdef HAVE_STRINGS_H
| # include <strings.h>
| #endif
| #ifdef HAVE_INTTYPES_H
| # include <inttypes.h>
| #endif
| #ifdef HAVE_STDINT_H
| # include <stdint.h>
| #endif
| #ifdef HAVE_UNISTD_H
| # include <unistd.h>
| #endif
| 	        enum { N = 8 / 2 - 1 };
| int
| main ()
| {
| static int test_array [1 - 2 * !((int8_t) (((((int8_t) 1 << N) << N) - 1) * 2 + 1)
| 		 < (int8_t) (((((int8_t) 1 << N) << N) - 1) * 2 + 2))];
| test_array [0] = 0;
| return test_array [0];
| 
|   ;
|   return 0;
| }
configure:12533: result: yes
configure:12544: checking for uint8_t
configure:12544: gcc -c -g -O2  conftest.c >&5
configure:12544: $? = 0
configure:12544: result: yes
configure:12558: checking for working volatile
configure:12577: gcc -c -g -O2  conftest.c >&5
configure:12577: $? = 0
configure:12584: result: yes
configure:12596: checking for stdlib.h
configure:12596: result: yes
configure:12606: checking for GNU libc compatible malloc
configure:12630: gcc -o conftest -g -O2   conftest.c -lm  >&5
configure:12630: $? = 0
configure:12630: ./conftest
configure:12630: $? = 0
configure:12640: result: yes
configure:12664: checking for floor
configure:12664: gcc -o conftest -g -O2   conftest.c -lm  >&5
conftest.c:54:6: warning: conflicting types for built-in function 'floor' [enabled by default]
 char floor ();
      ^
configure:12664: $? = 0
configure:12664: result: yes
configure:12664: checking for memset
configure:12664: gcc -o conftest -g -O2   conftest.c -lm  >&5
conftest.c:55:6: warning: conflicting types for built-in function 'memset' [enabled by default]
 char memset ();
      ^
configure:12664: $? = 0
configure:12664: result: yes
configure:12664: checking for sqrt
configure:12664: gcc -o conftest -g -O2   conftest.c -lm  >&5
conftest.c:56:6: warning: conflicting types for built-in function 'sqrt' [enabled by default]
 char sqrt ();
      ^
configure:12664: $? = 0
configure:12664: result: yes
configure:12664: checking for strtol
configure:12664: gcc -o conftest -g -O2   conftest.c -lm  >&5
configure:12664: $? = 0
configure:12664: result: yes
configure:12825: checking that generated files are newer than configure
configure:12831: result: done
configure:12854: creating ./config.status

## ---------------- ##
## Cache variables. ##
## ---------------- ##

ac_cv_build=x86_64-unknown-linux-gnu
ac_cv_c_compiler_gnu=yes
ac_cv_c_const=yes
ac_cv_c_int16_t=yes
ac_cv_c_int32_t=yes
ac_cv_c_int8_t=yes
ac_cv_c_uint8_t=yes
ac_cv_c_volatile=yes
ac_cv_downloader_prog='/usr/bin/wget -N'
ac_cv_env_CC_set=
ac_cv_env_CC_value=
ac_cv_env_CFLAGS_set=
ac_cv_env_CFLAGS_value=
ac_cv_env_CPPFLAGS_set=
ac_cv_env_CPPFLAGS_value=
ac_cv_env_CPP_set=
ac_cv_env_CPP_value=
ac_cv_env_LDFLAGS_set=
ac_cv_env_LDFLAGS_value=
ac_cv_env_LIBS_set=
ac_cv_env_LIBS_value=
ac_cv_env_build_alias_set=
ac_cv_env_build_alias_value=
ac_cv_env_host_alias_set=
ac_cv_env_host_alias_value=
ac_cv_env_target_alias_set=
ac_cv_env_target_alias_value=
ac_cv_file__bin_bash=yes
ac_cv_func_floor=yes
ac_cv_func_malloc_0_nonnull=yes
ac_cv_func_memset=yes
ac_cv_func_sqrt=yes
ac_cv_func_strtol=yes
ac_cv_header_dlfcn_h=yes
ac_cv_header_float_h=yes
ac_cv_header_inttypes_h=yes
ac_cv_header_memory_h=yes
ac_cv_header_stdc=yes
ac_cv_header_stdint_h=yes
ac_cv_header_stdlib_h=yes
ac_cv_header_string_h=yes
ac_cv_header_strings_h=yes
ac_cv_header_sys_stat_h=yes
ac_cv_header_sys_types_h=yes
ac_cv_header_unistd_h=yes
ac_cv_host=x86_64-unknown-linux-gnu
ac_cv_objext=o
ac_cv_parameter_expansion_string_replace_capable_shell=/bin/bash
ac_cv_path_DOWNLOADER_PROG_CMD=/usr/bin/wget
ac_cv_path_EGREP='/bin/grep -E'
ac_cv_path_FGREP='/bin/grep -F'
ac_cv_path_GREP=/bin/grep
ac_cv_path_PATCH=/usr/bin/patch
ac_cv_path_SED=/bin/sed
ac_cv_path_UNZIP=/usr/bin/unzip
ac_cv_path_install='/usr/bin/install -c'
ac_cv_path_mkdir=/bin/mkdir
ac_cv_prog_AWK=gawk
ac_cv_prog_CPP='gcc -E'
ac_cv_prog_ac_ct_AR=ar
ac_cv_prog_ac_ct_CC=gcc
ac_cv_prog_ac_ct_DLLTOOL=dlltool
ac_cv_prog_ac_ct_MANIFEST_TOOL=mt
ac_cv_prog_ac_ct_OBJDUMP=objdump
ac_cv_prog_ac_ct_RANLIB=ranlib
ac_cv_prog_ac_ct_STRIP=strip
ac_cv_prog_cc_c89=
ac_cv_prog_cc_g=yes
ac_cv_prog_cc_gcc_c_o=yes
ac_cv_prog_make_make_set=yes
ac_cv_search_sqrt=-lm
am_cv_CC_dependencies_compiler_type=gcc3
lt_cv_ar_at_file=@
lt_cv_archive_cmds_need_lc=no
lt_cv_deplibs_check_method=pass_all
lt_cv_file_magic_cmd='$MAGIC_CMD'
lt_cv_file_magic_test_file=
lt_cv_ld_reload_flag=-r
lt_cv_nm_interface='BSD nm'
lt_cv_objdir=.libs
lt_cv_path_LD=/usr/bin/ld
lt_cv_path_NM='/usr/bin/nm -B'
lt_cv_path_mainfest_tool=no
lt_cv_prog_compiler_c_o=yes
lt_cv_prog_compiler_pic='-fPIC -DPIC'
lt_cv_prog_compiler_pic_works=yes
lt_cv_prog_compiler_rtti_exceptions=no
lt_cv_prog_compiler_static_works=yes
lt_cv_prog_gnu_ld=yes
lt_cv_sharedlib_from_linklib_cmd='printf %s\n'
lt_cv_shlibpath_overrides_runpath=no
lt_cv_sys_global_symbol_pipe='sed -n -e '\''s/^.*[	 ]\([ABCDGIRSTW][ABCDGIRSTW]*\)[	 ][	 ]*\([_A-Za-z][_A-Za-z0-9]*\)$/\1 \2 \2/p'\'' | sed '\''/ __gnu_lto/d'\'''
lt_cv_sys_global_symbol_to_c_name_address='sed -n -e '\''s/^: \([^ ]*\)[ ]*$/  {\"\1\", (void *) 0},/p'\'' -e '\''s/^[ABCDGIRSTW]* \([^ ]*\) \([^ ]*\)$/  {"\2", (void *) \&\2},/p'\'''
lt_cv_sys_global_symbol_to_c_name_address_lib_prefix='sed -n -e '\''s/^: \([^ ]*\)[ ]*$/  {\"\1\", (void *) 0},/p'\'' -e '\''s/^[ABCDGIRSTW]* \([^ ]*\) \(lib[^ ]*\)$/  {"\2", (void *) \&\2},/p'\'' -e '\''s/^[ABCDGIRSTW]* \([^ ]*\) \([^ ]*\)$/  {"lib\2", (void *) \&\2},/p'\'''
lt_cv_sys_global_symbol_to_cdecl='sed -n -e '\''s/^T .* \(.*\)$/extern int \1();/p'\'' -e '\''s/^[ABCDGIRSTW]* .* \(.*\)$/extern char \1;/p'\'''
lt_cv_sys_max_cmd_len=3458764513820540925
lt_cv_to_host_file_cmd=func_convert_file_noop
lt_cv_to_tool_file_cmd=func_convert_file_noop

## ----------------- ##
## Output variables. ##
## ----------------- ##

ACLOCAL='${SHELL} /home/jaybeepee/programming/sems/core/plug-in/amr/amrnblib/missing --run aclocal-1.12'
AMDEPBACKSLASH='\'
AMDEP_FALSE='#'
AMDEP_TRUE=''
AMTAR='$${TAR-tar}'
AR='ar'
AS='as'
ASH=''
AUTOCONF='${SHELL} /home/jaybeepee/programming/sems/core/plug-in/amr/amrnblib/missing --run autoconf'
AUTOHEADER='${SHELL} /home/jaybeepee/programming/sems/core/plug-in/amr/amrnblib/missing --run autoheader'
AUTOMAKE='${SHELL} /home/jaybeepee/programming/sems/core/plug-in/amr/amrnblib/missing --run automake-1.12'
AWK='gawk'
BASH='/bin/bash'
CC='gcc'
CCDEPMODE='depmode=gcc3'
CFLAGS='-g -O2'
CPP='gcc -E'
CPPFLAGS=''
CYGPATH_W='echo'
DEFS='-DPACKAGE_NAME=\"amrnb\" -DPACKAGE_TARNAME=\"amrnb\" -DPACKAGE_VERSION=\"11.0.0.0\" -DPACKAGE_STRING=\"amrnb\ 11.0.0.0\" -DPACKAGE_BUGREPORT=\"Stanislav\ Brabec\ \<utx@penguin.cz\>\" -DPACKAGE_URL=\"\" -DPACKAGE=\"amrnb\" -DVERSION=\"11.0.0.0\" -DSTDC_HEADERS=1 -DHAVE_SYS_TYPES_H=1 -DHAVE_SYS_STAT_H=1 -DHAVE_STDLIB_H=1 -DHAVE_STRING_H=1 -DHAVE_MEMORY_H=1 -DHAVE_STRINGS_H=1 -DHAVE_INTTYPES_H=1 -DHAVE_STDINT_H=1 -DHAVE_UNISTD_H=1 -DHAVE_DLFCN_H=1 -DLT_OBJDIR=\".libs/\" -DSTDC_HEADERS=1 -DHAVE_FLOAT_H=1 -DHAVE_MEMORY_H=1 -DHAVE_STDINT_H=1 -DHAVE_STDLIB_H=1 -DHAVE_STRING_H=1 -DHAVE_STDLIB_H=1 -DHAVE_MALLOC=1 -DHAVE_FLOOR=1 -DHAVE_MEMSET=1 -DHAVE_SQRT=1 -DHAVE_STRTOL=1'
DEPDIR='.deps'
DLLTOOL='dlltool'
DOWNLOADER_PROG='/usr/bin/wget -N'
DOWNLOADER_PROG_CMD='/usr/bin/wget'
DSYMUTIL=''
DUMPBIN=''
ECHO_C=''
ECHO_N='-n'
ECHO_T=''
EGREP='/bin/grep -E'
EXEEXT=''
FGREP='/bin/grep -F'
GREP='/bin/grep'
INSTALL_DATA='${INSTALL} -m 644'
INSTALL_PROGRAM='${INSTALL}'
INSTALL_SCRIPT='${INSTALL}'
INSTALL_STRIP_PROGRAM='$(install_sh) -c -s'
LD='/usr/bin/ld -m elf_x86_64'
LDFLAGS=''
LIBOBJS=''
LIBS='-lm '
LIBTOOL='$(SHELL) $(top_builddir)/libtool'
LIPO=''
LN_S='ln -s'
LTLIBOBJS=''
MAKEINFO='${SHELL} /home/jaybeepee/programming/sems/core/plug-in/amr/amrnblib/missing --run makeinfo'
MANIFEST_TOOL=':'
MKDIR_P='/bin/mkdir -p'
NM='/usr/bin/nm -B'
NMEDIT=''
OBJDUMP='objdump'
OBJEXT='o'
OTOOL64=''
OTOOL=''
PACKAGE='amrnb'
PACKAGE_BUGREPORT='Stanislav Brabec <utx@penguin.cz>'
PACKAGE_NAME='amrnb'
PACKAGE_STRING='amrnb 11.0.0.0'
PACKAGE_TARNAME='amrnb'
PACKAGE_URL=''
PACKAGE_VERSION='11.0.0.0'
PARAMETER_EXPANSION_STRING_REPLACE_CAPABLE_SHELL='/bin/bash'
PATCH='/usr/bin/patch'
PATH_SEPARATOR=':'
RANLIB='ranlib'
SED='/bin/sed'
SET_MAKE=''
SHELL='/bin/bash'
STRIP='strip'
UNZIP='/usr/bin/unzip'
VERSION='11.0.0.0'
ac_ct_AR='ar'
ac_ct_CC='gcc'
ac_ct_DUMPBIN=''
am__EXEEXT_FALSE=''
am__EXEEXT_TRUE='#'
am__fastdepCC_FALSE='#'
am__fastdepCC_TRUE=''
am__include='include'
am__isrc=''
am__leading_dot='.'
am__nodep='_no'
am__quote=''
am__tar='$${TAR-tar} chof - "$$tardir"'
am__untar='$${TAR-tar} xf -'
bindir='${exec_prefix}/bin'
build='x86_64-unknown-linux-gnu'
build_alias=''
build_cpu='x86_64'
build_os='linux-gnu'
build_vendor='unknown'
datadir='${datarootdir}'
datarootdir='${prefix}/share'
docdir='${datarootdir}/doc/${PACKAGE_TARNAME}'
dvidir='${docdir}'
exec_prefix='${prefix}'
host='x86_64-unknown-linux-gnu'
host_alias=''
host_cpu='x86_64'
host_os='linux-gnu'
host_vendor='unknown'
htmldir='${docdir}'
includedir='${prefix}/include'
infodir='${datarootdir}/info'
install_sh='${SHELL} /home/jaybeepee/programming/sems/core/plug-in/amr/amrnblib/install-sh'
libdir='${exec_prefix}/lib'
libexecdir='${exec_prefix}/libexec'
localedir='${datarootdir}/locale'
localstatedir='${prefix}/var'
mandir='${datarootdir}/man'
mkdir_p='/bin/mkdir -p'
oldincludedir='/usr/include'
pdfdir='${docdir}'
prefix='/usr/local'
program_transform_name='s,x,x,'
psdir='${docdir}'
sbindir='${exec_prefix}/sbin'
sharedstatedir='${prefix}/com'
sysconfdir='${prefix}/etc'
target_alias=''

## ----------- ##
## confdefs.h. ##
## ----------- ##

/* confdefs.h */
#define PACKAGE_NAME "amrnb"
#define PACKAGE_TARNAME "amrnb"
#define PACKAGE_VERSION "11.0.0.0"
#define PACKAGE_STRING "amrnb 11.0.0.0"
#define PACKAGE_BUGREPORT "Stanislav Brabec <utx@penguin.cz>"
#define PACKAGE_URL ""
#define PACKAGE "amrnb"
#define VERSION "11.0.0.0"
#define STDC_HEADERS 1
#define HAVE_SYS_TYPES_H 1
#define HAVE_SYS_STAT_H 1
#define HAVE_STDLIB_H 1
#define HAVE_STRING_H 1
#define HAVE_MEMORY_H 1
#define HAVE_STRINGS_H 1
#define HAVE_INTTYPES_H 1
#define HAVE_STDINT_H 1
#define HAVE_UNISTD_H 1
#define HAVE_DLFCN_H 1
#define LT_OBJDIR ".libs/"
#define STDC_HEADERS 1
#define HAVE_FLOAT_H 1
#define HAVE_MEMORY_H 1
#define HAVE_STDINT_H 1
#define HAVE_STDLIB_H 1
#define HAVE_STRING_H 1
#define HAVE_STDLIB_H 1
#define HAVE_MALLOC 1
#define HAVE_FLOOR 1
#define HAVE_MEMSET 1
#define HAVE_SQRT 1
#define HAVE_STRTOL 1

configure: exit 0

## ---------------------- ##
## Running config.status. ##
## ---------------------- ##

This file was extended by amrnb config.status 11.0.0.0, which was
generated by GNU Autoconf 2.69.  Invocation command line was

  CONFIG_FILES    = 
  CONFIG_HEADERS  = 
  CONFIG_LINKS    = 
  CONFIG_COMMANDS = 
  $ ./config.status 

on jaybeepee

config.status:1011: creating Makefile
config.status:1011: creating amrnb.spec
config.status:1011: creating prepare_sources.sh
config.status:1183: executing depfiles commands
config.status:1183: executing libtool commands
